Determining if the pthread_create exist failed with the following output:
Change Dir: /home/user/Desktop/ROBOTICS/PROJECT/iRobot_Final_Project/catkin_ws/build/CMakeFiles/CMakeTmp

Run Build Command:"/usr/bin/make" "cmTC_c05ba/fast"
/usr/bin/make -f CMakeFiles/cmTC_c05ba.dir/build.make CMakeFiles/cmTC_c05ba.dir/build
make[1]: Entering directory '/home/user/Desktop/ROBOTICS/PROJECT/iRobot_Final_Project/catkin_ws/build/CMakeFiles/CMakeTmp'
Building C object CMakeFiles/cmTC_c05ba.dir/CheckSymbolExists.c.o
/usr/bin/cc     -o CMakeFiles/cmTC_c05ba.dir/CheckSymbolExists.c.o   -c /home/user/Desktop/ROBOTICS/PROJECT/iRobot_Final_Project/catkin_ws/build/CMakeFiles/CMakeTmp/CheckSymbolExists.c
Linking C executable cmTC_c05ba
/usr/bin/cmake -E cmake_link_script CMakeFiles/cmTC_c05ba.dir/link.txt --verbose=1
/usr/bin/cc       CMakeFiles/cmTC_c05ba.dir/CheckSymbolExists.c.o  -o cmTC_c05ba -rdynamic 
CMakeFiles/cmTC_c05ba.dir/CheckSymbolExists.c.o: In function `main':
CheckSymbolExists.c:(.text+0x16): undefined reference to `pthread_create'
collect2: error: ld returned 1 exit status
CMakeFiles/cmTC_c05ba.dir/build.make:97: recipe for target 'cmTC_c05ba' failed
make[1]: *** [cmTC_c05ba] Error 1
make[1]: Leaving directory '/home/user/Desktop/ROBOTICS/PROJECT/iRobot_Final_Project/catkin_ws/build/CMakeFiles/CMakeTmp'
Makefile:126: recipe for target 'cmTC_c05ba/fast' failed
make: *** [cmTC_c05ba/fast] Error 2

File /home/user/Desktop/ROBOTICS/PROJECT/iRobot_Final_Project/catkin_ws/build/CMakeFiles/CMakeTmp/CheckSymbolExists.c:
/* */
#include <pthread.h>

int main(int argc, char** argv)
{
  (void)argv;
#ifndef pthread_create
  return ((int*)(&pthread_create))[argc];
#else
  (void)argc;
  return 0;
#endif
}

Determining if the function pthread_create exists in the pthreads failed with the following output:
Change Dir: /home/user/Desktop/ROBOTICS/PROJECT/iRobot_Final_Project/catkin_ws/build/CMakeFiles/CMakeTmp

Run Build Command:"/usr/bin/make" "cmTC_f392a/fast"
/usr/bin/make -f CMakeFiles/cmTC_f392a.dir/build.make CMakeFiles/cmTC_f392a.dir/build
make[1]: Entering directory '/home/user/Desktop/ROBOTICS/PROJECT/iRobot_Final_Project/catkin_ws/build/CMakeFiles/CMakeTmp'
Building C object CMakeFiles/cmTC_f392a.dir/CheckFunctionExists.c.o
/usr/bin/cc    -DCHECK_FUNCTION_EXISTS=pthread_create   -o CMakeFiles/cmTC_f392a.dir/CheckFunctionExists.c.o   -c /usr/share/cmake-3.5/Modules/CheckFunctionExists.c
Linking C executable cmTC_f392a
/usr/bin/cmake -E cmake_link_script CMakeFiles/cmTC_f392a.dir/link.txt --verbose=1
/usr/bin/cc   -DCHECK_FUNCTION_EXISTS=pthread_create    CMakeFiles/cmTC_f392a.dir/CheckFunctionExists.c.o  -o cmTC_f392a -rdynamic -lpthreads 
/usr/bin/ld: cannot find -lpthreads
collect2: error: ld returned 1 exit status
CMakeFiles/cmTC_f392a.dir/build.make:97: recipe for target 'cmTC_f392a' failed
make[1]: *** [cmTC_f392a] Error 1
make[1]: Leaving directory '/home/user/Desktop/ROBOTICS/PROJECT/iRobot_Final_Project/catkin_ws/build/CMakeFiles/CMakeTmp'
Makefile:126: recipe for target 'cmTC_f392a/fast' failed
make: *** [cmTC_f392a/fast] Error 2


